<?xml version="1.0" encoding="UTF-8"?>
<coverage generated="1780840595378" clover="3.2.0">
  <project timestamp="1780840595378" name="All files">
    <metrics statements="32" coveredstatements="28" conditionals="15" coveredconditionals="14" methods="8" coveredmethods="7" elements="55" coveredelements="49" complexity="0" loc="32" ncloc="32" packages="3" files="3" classes="3"/>
    <package name="components">
      <metrics statements="12" coveredstatements="12" conditionals="14" coveredconditionals="14" methods="1" coveredmethods="1"/>
      <file name="validator.js" path="C:\Nelson\Ingenieria de Software\gestor-utl-componentes\components\validator.js">
        <metrics statements="12" coveredstatements="12" conditionals="14" coveredconditionals="14" methods="1" coveredmethods="1"/>
        <line num="8" count="6" type="stmt"/>
        <line num="10" count="6" type="cond" truecount="4" falsecount="0"/>
        <line num="11" count="2" type="stmt"/>
        <line num="13" count="6" type="cond" truecount="4" falsecount="0"/>
        <line num="14" count="1" type="stmt"/>
        <line num="16" count="6" type="cond" truecount="4" falsecount="0"/>
        <line num="17" count="1" type="stmt"/>
        <line num="19" count="6" type="stmt"/>
        <line num="20" count="6" type="cond" truecount="2" falsecount="0"/>
        <line num="21" count="2" type="stmt"/>
        <line num="23" count="6" type="stmt"/>
        <line num="26" count="1" type="stmt"/>
      </file>
    </package>
    <package name="services">
      <metrics statements="13" coveredstatements="9" conditionals="1" coveredconditionals="0" methods="3" coveredmethods="2"/>
      <file name="taskService.js" path="C:\Nelson\Ingenieria de Software\gestor-utl-componentes\services\taskService.js">
        <metrics statements="13" coveredstatements="9" conditionals="1" coveredconditionals="0" methods="3" coveredmethods="2"/>
        <line num="5" count="1" type="stmt"/>
        <line num="6" count="1" type="stmt"/>
        <line num="7" count="1" type="stmt"/>
        <line num="10" count="2" type="stmt"/>
        <line num="11" count="1" type="stmt"/>
        <line num="15" count="1" type="stmt"/>
        <line num="21" count="1" type="stmt"/>
        <line num="22" count="1" type="stmt"/>
        <line num="27" count="0" type="stmt"/>
        <line num="28" count="0" type="stmt"/>
        <line num="30" count="0" type="stmt"/>
        <line num="35" count="0" type="stmt"/>
        <line num="39" count="1" type="stmt"/>
      </file>
    </package>
    <package name="utils">
      <metrics statements="7" coveredstatements="7" conditionals="0" coveredconditionals="0" methods="4" coveredmethods="4"/>
      <file name="formatter.js" path="C:\Nelson\Ingenieria de Software\gestor-utl-componentes\utils\formatter.js">
        <metrics statements="7" coveredstatements="7" conditionals="0" coveredconditionals="0" methods="4" coveredmethods="4"/>
        <line num="6" count="1" type="stmt"/>
        <line num="8" count="1" type="stmt"/>
        <line num="9" count="1" type="stmt"/>
        <line num="10" count="1" type="stmt"/>
        <line num="11" count="1" type="stmt"/>
        <line num="12" count="1" type="stmt"/>
        <line num="15" count="1" type="stmt"/>
      </file>
    </package>
  </project>
</coverage>
