{"C:\\Nelson\\Ingenieria de Software\\gestor-utl-componentes\\components\\validator.js": {"path":"C:\\Nelson\\Ingenieria de Software\\gestor-utl-componentes\\components\\validator.js","statementMap":{"0":{"start":{"line":8,"column":18},"end":{"line":8,"column":20}},"1":{"start":{"line":10,"column":2},"end":{"line":11,"column":52}},"2":{"start":{"line":11,"column":4},"end":{"line":11,"column":52}},"3":{"start":{"line":13,"column":2},"end":{"line":14,"column":62}},"4":{"start":{"line":14,"column":4},"end":{"line":14,"column":62}},"5":{"start":{"line":16,"column":2},"end":{"line":17,"column":47}},"6":{"start":{"line":17,"column":4},"end":{"line":17,"column":47}},"7":{"start":{"line":19,"column":22},"end":{"line":19,"column":60}},"8":{"start":{"line":20,"column":2},"end":{"line":21,"column":71}},"9":{"start":{"line":21,"column":4},"end":{"line":21,"column":71}},"10":{"start":{"line":23,"column":2},"end":{"line":23,"column":58}},"11":{"start":{"line":26,"column":0},"end":{"line":26,"column":34}}},"fnMap":{"0":{"name":"validarTarea","decl":{"start":{"line":7,"column":9},"end":{"line":7,"column":21}},"loc":{"start":{"line":7,"column":29},"end":{"line":24,"column":1}},"line":7}},"branchMap":{"0":{"loc":{"start":{"line":10,"column":2},"end":{"line":11,"column":52}},"type":"if","locations":[{"start":{"line":10,"column":2},"end":{"line":11,"column":52}},{"start":{},"end":{}}],"line":10},"1":{"loc":{"start":{"line":10,"column":6},"end":{"line":10,"column":55}},"type":"binary-expr","locations":[{"start":{"line":10,"column":6},"end":{"line":10,"column":19}},{"start":{"line":10,"column":23},"end":{"line":10,"column":55}}],"line":10},"2":{"loc":{"start":{"line":13,"column":2},"end":{"line":14,"column":62}},"type":"if","locations":[{"start":{"line":13,"column":2},"end":{"line":14,"column":62}},{"start":{},"end":{}}],"line":13},"3":{"loc":{"start":{"line":13,"column":6},"end":{"line":13,"column":47}},"type":"binary-expr","locations":[{"start":{"line":13,"column":6},"end":{"line":13,"column":18}},{"start":{"line":13,"column":22},"end":{"line":13,"column":47}}],"line":13},"4":{"loc":{"start":{"line":16,"column":2},"end":{"line":17,"column":47}},"type":"if","locations":[{"start":{"line":16,"column":2},"end":{"line":17,"column":47}},{"start":{},"end":{}}],"line":16},"5":{"loc":{"start":{"line":16,"column":6},"end":{"line":16,"column":57}},"type":"binary-expr","locations":[{"start":{"line":16,"column":6},"end":{"line":16,"column":20}},{"start":{"line":16,"column":24},"end":{"line":16,"column":57}}],"line":16},"6":{"loc":{"start":{"line":20,"column":2},"end":{"line":21,"column":71}},"type":"if","locations":[{"start":{"line":20,"column":2},"end":{"line":21,"column":71}},{"start":{},"end":{}}],"line":20}},"s":{"0":6,"1":6,"2":2,"3":6,"4":1,"5":6,"6":1,"7":6,"8":6,"9":2,"10":6,"11":1},"f":{"0":6},"b":{"0":[2,4],"1":[6,4],"2":[1,5],"3":[6,4],"4":[1,5],"5":[6,5],"6":[2,4]},"_coverageSchema":"1a1c01bbd47fc00a2c39e90264f33305004495a9","hash":"ddee20062d1649dfe5c3f417fa97658b903dd0fa"}
,"C:\\Nelson\\Ingenieria de Software\\gestor-utl-componentes\\services\\taskService.js": {"path":"C:\\Nelson\\Ingenieria de Software\\gestor-utl-componentes\\services\\taskService.js","statementMap":{"0":{"start":{"line":5,"column":14},"end":{"line":5,"column":30}},"1":{"start":{"line":6,"column":17},"end":{"line":6,"column":61}},"2":{"start":{"line":7,"column":18},"end":{"line":7,"column":77}},"3":{"start":{"line":10,"column":15},"end":{"line":10,"column":62}},"4":{"start":{"line":11,"column":2},"end":{"line":11,"column":19}},"5":{"start":{"line":15,"column":18},"end":{"line":20,"column":3}},"6":{"start":{"line":21,"column":15},"end":{"line":21,"column":50}},"7":{"start":{"line":22,"column":2},"end":{"line":22,"column":19}},"8":{"start":{"line":27,"column":2},"end":{"line":36,"column":3}},"9":{"start":{"line":28,"column":17},"end":{"line":28,"column":43}},"10":{"start":{"line":30,"column":4},"end":{"line":33,"column":6}},"11":{"start":{"line":35,"column":4},"end":{"line":35,"column":95}},"12":{"start":{"line":39,"column":0},"end":{"line":39,"column":73}}},"fnMap":{"0":{"name":"obtenerTareas","decl":{"start":{"line":9,"column":15},"end":{"line":9,"column":28}},"loc":{"start":{"line":9,"column":41},"end":{"line":12,"column":1}},"line":9},"1":{"name":"crearTarea","decl":{"start":{"line":14,"column":15},"end":{"line":14,"column":25}},"loc":{"start":{"line":14,"column":33},"end":{"line":23,"column":1}},"line":14},"2":{"name":"obtenerFraseMotivacional","decl":{"start":{"line":26,"column":15},"end":{"line":26,"column":39}},"loc":{"start":{"line":26,"column":42},"end":{"line":37,"column":1}},"line":26}},"branchMap":{"0":{"loc":{"start":{"line":9,"column":29},"end":{"line":9,"column":39}},"type":"default-arg","locations":[{"start":{"line":9,"column":38},"end":{"line":9,"column":39}}],"line":9}},"s":{"0":1,"1":1,"2":1,"3":2,"4":1,"5":1,"6":1,"7":1,"8":0,"9":0,"10":0,"11":0,"12":1},"f":{"0":2,"1":1,"2":0},"b":{"0":[0]},"_coverageSchema":"1a1c01bbd47fc00a2c39e90264f33305004495a9","hash":"bab7b2fe12c5cd244aff797d40b945027479c300"}
,"C:\\Nelson\\Ingenieria de Software\\gestor-utl-componentes\\utils\\formatter.js": {"path":"C:\\Nelson\\Ingenieria de Software\\gestor-utl-componentes\\utils\\formatter.js","statementMap":{"0":{"start":{"line":6,"column":14},"end":{"line":6,"column":30}},"1":{"start":{"line":8,"column":18},"end":{"line":13,"column":1}},"2":{"start":{"line":9,"column":20},"end":{"line":9,"column":57}},"3":{"start":{"line":10,"column":20},"end":{"line":10,"column":55}},"4":{"start":{"line":11,"column":20},"end":{"line":11,"column":56}},"5":{"start":{"line":12,"column":20},"end":{"line":12,"column":84}},"6":{"start":{"line":15,"column":0},"end":{"line":15,"column":27}}},"fnMap":{"0":{"name":"(anonymous_0)","decl":{"start":{"line":9,"column":11},"end":{"line":9,"column":12}},"loc":{"start":{"line":9,"column":20},"end":{"line":9,"column":57}},"line":9},"1":{"name":"(anonymous_1)","decl":{"start":{"line":10,"column":11},"end":{"line":10,"column":12}},"loc":{"start":{"line":10,"column":20},"end":{"line":10,"column":55}},"line":10},"2":{"name":"(anonymous_2)","decl":{"start":{"line":11,"column":11},"end":{"line":11,"column":12}},"loc":{"start":{"line":11,"column":20},"end":{"line":11,"column":56}},"line":11},"3":{"name":"(anonymous_3)","decl":{"start":{"line":12,"column":11},"end":{"line":12,"column":12}},"loc":{"start":{"line":12,"column":20},"end":{"line":12,"column":84}},"line":12}},"branchMap":{},"s":{"0":1,"1":1,"2":1,"3":1,"4":1,"5":1,"6":1},"f":{"0":1,"1":1,"2":1,"3":1},"b":{},"_coverageSchema":"1a1c01bbd47fc00a2c39e90264f33305004495a9","hash":"5a7fde92d97ba34457a1a76b4d4dec7f59a8b119"}
}
