TN:
SF:components\validator.js
FN:7,validarTarea
FNF:1
FNH:1
FNDA:6,validarTarea
DA:8,6
DA:10,6
DA:11,2
DA:13,6
DA:14,1
DA:16,6
DA:17,1
DA:19,6
DA:20,6
DA:21,2
DA:23,6
DA:26,1
LF:12
LH:12
BRDA:10,0,0,2
BRDA:10,0,1,4
BRDA:10,1,0,6
BRDA:10,1,1,4
BRDA:13,2,0,1
BRDA:13,2,1,5
BRDA:13,3,0,6
BRDA:13,3,1,4
BRDA:16,4,0,1
BRDA:16,4,1,5
BRDA:16,5,0,6
BRDA:16,5,1,5
BRDA:20,6,0,2
BRDA:20,6,1,4
BRF:14
BRH:14
end_of_record
TN:
SF:services\taskService.js
FN:9,obtenerTareas
FN:14,crearTarea
FN:26,obtenerFraseMotivacional
FNF:3
FNH:2
FNDA:2,obtenerTareas
FNDA:1,crearTarea
FNDA:0,obtenerFraseMotivacional
DA:5,1
DA:6,1
DA:7,1
DA:10,2
DA:11,1
DA:15,1
DA:21,1
DA:22,1
DA:27,0
DA:28,0
DA:30,0
DA:35,0
DA:39,1
LF:13
LH:9
BRDA:9,0,0,0
BRF:1
BRH:0
end_of_record
TN:
SF:utils\formatter.js
FN:9,(anonymous_0)
FN:10,(anonymous_1)
FN:11,(anonymous_2)
FN:12,(anonymous_3)
FNF:4
FNH:4
FNDA:1,(anonymous_0)
FNDA:1,(anonymous_1)
FNDA:1,(anonymous_2)
FNDA:1,(anonymous_3)
DA:6,1
DA:8,1
DA:9,1
DA:10,1
DA:11,1
DA:12,1
DA:15,1
LF:7
LH:7
BRF:0
BRH:0
end_of_record
